<?xml version="1.0" encoding="UTF-8"?>
<!-- Generated by org.testng.reporters.JUnitXMLReporter -->
<testsuite ignored="0" hostname="LAPTOP-6PI7DEG8" failures="0" tests="1" name="Default test(failed)" time="0.117" errors="0" timestamp="2023-02-10T18:35:26 IST">
  <testcase classname="TestNG.Crossbrowser" name="@BeforeTest launchBrowser" time="-1.67603432587E9">
    <failure type="org.testng.TestNGException" message="
Parameter &amp;apos;browser&amp;apos; is required by BeforeTest on method launchBrowser but has not been marked @Optional or defined
in C:\Users\admin\eclipse-workspace\Facebook\test-output\testng-failed.xml">
      <![CDATA[org.testng.TestNGException: 
Parameter 'browser' is required by BeforeTest on method launchBrowser but has not been marked @Optional or defined
in C:\Users\admin\eclipse-workspace\Facebook\test-output\testng-failed.xml
... Removed 21 stack frames]]>
    </failure>
  </testcase> <!-- @BeforeTest launchBrowser -->
  <testcase classname="TestNG.Crossbrowser" name="@BeforeClass InstragramSignUpPage" time="-1.67603432592E9">
    <skipped/>
  </testcase> <!-- @BeforeClass InstragramSignUpPage -->
  <testcase classname="TestNG.Crossbrowser" name="@BeforeMethod InstragramSignUpPage2" time="-1.676034325949E9">
    <skipped/>
  </testcase> <!-- @BeforeMethod InstragramSignUpPage2 -->
  <testcase classname="TestNG.Crossbrowser" name="@AfterMethod afterMethod" time="-1.676034325965E9">
    <skipped/>
  </testcase> <!-- @AfterMethod afterMethod -->
  <testcase classname="TestNG.Crossbrowser" name="@AfterClass InstragramLoginPage" time="-1.676034325971E9">
    <skipped/>
  </testcase> <!-- @AfterClass InstragramLoginPage -->
  <testcase classname="TestNG.Crossbrowser" name="@AfterTest closeBrowser" time="-1.676034325978E9">
    <skipped/>
  </testcase> <!-- @AfterTest closeBrowser -->
  <testcase classname="TestNG.Crossbrowser" name="test" time="0.0">
    <skipped/>
  </testcase> <!-- test -->
</testsuite> <!-- Default test(failed) -->
